Using pre-set license
Built from '2020.3/staging' branch; Version is '2020.3.19f1 (68f137dc9bbe) revision 6877495'; Using compiler version '192528614'; Build Type 'Release'
OS: 'Windows 10 Home; OS build 22000.493; Version 2009; 64bit' Language: 'en' Physical Memory: 16303 MB
BatchMode: 1, IsHumanControllingUs: 0, StartBugReporterOnCrash: 0, Is64bit: 1, IsPro: 0

COMMAND LINE ARGUMENTS:
C:\Users\Alam Shaian Khan\Desktop\unity\2020.3.19f1\Editor\Unity.exe
-adb2
-batchMode
-noUpm
-name
AssetImportWorker6
-projectPath
C:/Users/Alam Shaian Khan/Downloads/Ramen_Game_Prototype-main/Ramen_Game_Prototype-main/Ramen-G_Prototype
-logFile
Logs/AssetImportWorker6.log
-srvPort
62370
Successfully changed project path to: C:/Users/Alam Shaian Khan/Downloads/Ramen_Game_Prototype-main/Ramen_Game_Prototype-main/Ramen-G_Prototype
C:/Users/Alam Shaian Khan/Downloads/Ramen_Game_Prototype-main/Ramen_Game_Prototype-main/Ramen-G_Prototype
Using Asset Import Pipeline V2.
